# JRE version: Java(TM) SE Runtime Environment (22.0.2+9) (build 22.0.2+9-70)
# Java VM: Java HotSpot(TM) 64-Bit Server VM (22.0.2+9-70, mixed mode, sharing, tiered, compressed oops, compressed class ptrs, g1 gc, windows-amd64)
GC Precious Log:
 CardTable entry size: 512
 Card Set container configuration: InlinePtr #cards 4 size 8 Array Of Cards #cards 16 size 48 Howl #buckets 8 coarsen threshold 3686 Howl Bitmap #cards 512 size 80 coarsen threshold 460 Card regions per heap region 1 cards per card region 4096
 CPUs: 20 total, 20 available
 Memory: 16023M
 Large Page Support: Disabled
 NUMA Support: Disabled
 Compressed Oops: Enabled (Zero based)
 Heap Region Size: 2M
 Heap Min Capacity: 8M
 Heap Initial Capacity: 252M
 Heap Max Capacity: 4006M
 Pre-touch: Disabled
 Parallel Workers: 15
 Concurrent Workers: 4
 Concurrent Refinement Workers: 15
 Periodic GC: Disabled
Heap:
 garbage-first heap   total reserved 4102144K, committed 81920K, used 35840K [0x0000000705a00000, 0x0000000800000000)
  region size 2048K, 6 young (12288K), 1 survivors (2048K)
 Metaspace       used 28494K, committed 28928K, reserved 1114112K
  class space    used 3226K, committed 3392K, reserved 1048576K
GC Heap History (12 events):
Event: 1.175 GC heap before
{Heap before GC invocations=0 (full 0):
 garbage-first heap   total reserved 4102144K, committed 258048K, used 24576K [0x0000000705a00000, 0x0000000800000000)
  region size 2048K, 12 young (24576K), 0 survivors (0K)
 Metaspace       used 5720K, committed 5888K, reserved 1114112K
  class space    used 668K, committed 768K, reserved 1048576K
}
Event: 1.188 GC heap after
{Heap after GC invocations=1 (full 0):
 garbage-first heap   total reserved 4102144K, committed 258048K, used 4136K [0x0000000705a00000, 0x0000000800000000)
  region size 2048K, 2 young (4096K), 2 survivors (4096K)
 Metaspace       used 5720K, committed 5888K, reserved 1114112K
  class space    used 668K, committed 768K, reserved 1048576K
}
Event: 2.458 GC heap before
{Heap before GC invocations=1 (full 0):
 garbage-first heap   total reserved 4102144K, committed 258048K, used 38952K [0x0000000705a00000, 0x0000000800000000)
  region size 2048K, 20 young (40960K), 2 survivors (4096K)
 Metaspace       used 11410K, committed 11648K, reserved 1114112K
  class space    used 1370K, committed 1472K, reserved 1048576K
}
Event: 2.464 GC heap after
{Heap after GC invocations=2 (full 0):
 garbage-first heap   total reserved 4102144K, committed 258048K, used 6407K [0x0000000705a00000, 0x0000000800000000)
  region size 2048K, 2 young (4096K), 2 survivors (4096K)
 Metaspace       used 11410K, committed 11648K, reserved 1114112K
  class space    used 1370K, committed 1472K, reserved 1048576K
}
Event: 6.218 GC heap before
{Heap before GC invocations=2 (full 0):
 garbage-first heap   total reserved 4102144K, committed 258048K, used 106759K [0x0000000705a00000, 0x0000000800000000)
  region size 2048K, 52 young (106496K), 2 survivors (4096K)
 Metaspace       used 21277K, committed 21504K, reserved 1114112K
  class space    used 2507K, committed 2624K, reserved 1048576K
}
Event: 6.231 GC heap after
{Heap after GC invocations=3 (full 0):
 garbage-first heap   total reserved 4102144K, committed 258048K, used 13276K [0x0000000705a00000, 0x0000000800000000)
  region size 2048K, 5 young (10240K), 5 survivors (10240K)
 Metaspace       used 21277K, committed 21504K, reserved 1114112K
  class space    used 2507K, committed 2624K, reserved 1048576K
}
Event: 7.492 GC heap before
{Heap before GC invocations=4 (full 0):
 garbage-first heap   total reserved 4102144K, committed 49152K, used 48092K [0x0000000705a00000, 0x0000000800000000)
  region size 2048K, 22 young (45056K), 5 survivors (10240K)
 Metaspace       used 25820K, committed 26176K, reserved 1114112K
  class space    used 2981K, committed 3136K, reserved 1048576K
}
Event: 7.514 GC heap after
{Heap after GC invocations=5 (full 0):
 garbage-first heap   total reserved 4102144K, committed 67584K, used 22233K [0x0000000705a00000, 0x0000000800000000)
  region size 2048K, 9 young (18432K), 9 survivors (18432K)
 Metaspace       used 25820K, committed 26176K, reserved 1114112K
  class space    used 2981K, committed 3136K, reserved 1048576K
}
Event: 8.301 GC heap before
{Heap before GC invocations=5 (full 0):
 garbage-first heap   total reserved 4102144K, committed 67584K, used 42713K [0x0000000705a00000, 0x0000000800000000)
  region size 2048K, 19 young (38912K), 9 survivors (18432K)
 Metaspace       used 27183K, committed 27456K, reserved 1114112K
  class space    used 3117K, committed 3264K, reserved 1048576K
}
Event: 8.333 GC heap after
{Heap after GC invocations=6 (full 0):
 garbage-first heap   total reserved 4102144K, committed 67584K, used 26247K [0x0000000705a00000, 0x0000000800000000)
  region size 2048K, 2 young (4096K), 2 survivors (4096K)
 Metaspace       used 27183K, committed 27456K, reserved 1114112K
  class space    used 3117K, committed 3264K, reserved 1048576K
}
Event: 9.472 GC heap before
{Heap before GC invocations=6 (full 0):
 garbage-first heap   total reserved 4102144K, committed 67584K, used 52871K [0x0000000705a00000, 0x0000000800000000)
  region size 2048K, 15 young (30720K), 2 survivors (4096K)
 Metaspace       used 28380K, committed 28736K, reserved 1114112K
  class space    used 3216K, committed 3392K, reserved 1048576K
}
Event: 9.511 GC heap after
{Heap after GC invocations=7 (full 0):
 garbage-first heap   total reserved 4102144K, committed 81920K, used 27648K [0x0000000705a00000, 0x0000000800000000)
  region size 2048K, 1 young (2048K), 1 survivors (2048K)
 Metaspace       used 28380K, committed 28736K, reserved 1114112K
  class space    used 3216K, committed 3392K, reserved 1048576K
}

